2025-04-04 08:42:01.004819 - Received CBT.V508.FILE373.PDS from FILE373.XMI 
2025-04-04 08:42:01.005849 - Found $$$#DATE.txt (text/plain) in CBT.V508.FILE373.PDS, moved to PDS/$$$#DATE
2025-04-04 08:42:01.006008 - Found $DOCNEWS.txt (text/plain) in CBT.V508.FILE373.PDS, moved to PDS/$DOCNEWS
2025-04-04 08:42:01.006154 - Found $DOCSAL.txt (text/plain) in CBT.V508.FILE373.PDS, moved to PDS/$DOCSAL
2025-04-04 08:42:01.006300 - Found @FILE373.txt (text/plain) in CBT.V508.FILE373.PDS, moved to PDS/@FILE373
2025-04-04 08:42:01.006435 - Found CBTSAL.txt (text/plain) in CBT.V508.FILE373.PDS, moved to PDS/CBTSAL
2025-04-04 08:42:01.006556 - Found DYNABLD.txt (text/plain) in CBT.V508.FILE373.PDS, moved to PDS/DYNABLD
2025-04-04 08:42:01.006693 - Found DYNATXTU.txt (text/plain) in CBT.V508.FILE373.PDS, moved to PDS/DYNATXTU
2025-04-04 08:42:01.006818 - Found EQ$R.txt (text/plain) in CBT.V508.FILE373.PDS, moved to PDS/EQ$R
2025-04-04 08:42:01.006935 - Found GTEDAALC.txt (text/plain) in CBT.V508.FILE373.PDS, moved to PDS/GTEDAALC
2025-04-04 08:42:01.007064 - Found GTEDADAT.txt (text/plain) in CBT.V508.FILE373.PDS, moved to PDS/GTEDADAT
2025-04-04 08:42:01.007208 - Found GTEDADOC.txt (text/plain) in CBT.V508.FILE373.PDS, moved to PDS/GTEDADOC
2025-04-04 08:42:01.007322 - Found GTEDASET.txt (text/plain) in CBT.V508.FILE373.PDS, moved to PDS/GTEDASET
2025-04-04 08:42:01.007436 - Found HELP.txt (text/plain) in CBT.V508.FILE373.PDS, moved to PDS/HELP
2025-04-04 08:42:01.007560 - Found LINKBACK.txt (text/plain) in CBT.V508.FILE373.PDS, moved to PDS/LINKBACK
2025-04-04 08:42:01.007679 - Found LINKSAVE.txt (text/plain) in CBT.V508.FILE373.PDS, moved to PDS/LINKSAVE
2025-04-04 08:42:01.007793 - Found NEW.txt (text/plain) in CBT.V508.FILE373.PDS, moved to PDS/NEW
2025-04-04 08:42:01.007913 - Found REGISTER.txt (text/plain) in CBT.V508.FILE373.PDS, moved to PDS/REGISTER
2025-04-04 08:42:01.008045 - Found SAL.txt (text/plain) in CBT.V508.FILE373.PDS, moved to PDS/SAL
2025-04-04 08:42:01.008173 - Found SALHELP.txt (text/plain) in CBT.V508.FILE373.PDS, moved to PDS/SALHELP
2025-04-04 08:42:01.008293 - Found XRETURN.txt (text/plain) in CBT.V508.FILE373.PDS, moved to PDS/XRETURN
2025-04-04 08:42:01.008420 - Found XSAVE1.txt (text/plain) in CBT.V508.FILE373.PDS, moved to PDS/XSAVE1
